<?xml version="1.0" encoding="UTF-8"?>
<testsuite name="com.ambrosia.athenea.EnrollmentsApplicationTests" tests="1" skipped="0" failures="0" errors="0" timestamp="2022-10-28T20:41:59" hostname="fedora" time="0.418">
  <properties/>
  <testcase name="contextLoads()" classname="com.ambrosia.athenea.EnrollmentsApplicationTests" time="0.418"/>
  <system-out><![CDATA[15:41:47.901 [Test worker] DEBUG org.springframework.test.context.BootstrapUtils - Instantiating CacheAwareContextLoaderDelegate from class [org.springframework.test.context.cache.DefaultCacheAwareContextLoaderDelegate]
15:41:47.959 [Test worker] DEBUG org.springframework.test.context.BootstrapUtils - Instantiating BootstrapContext using constructor [public org.springframework.test.context.support.DefaultBootstrapContext(java.lang.Class,org.springframework.test.context.CacheAwareContextLoaderDelegate)]
15:41:48.146 [Test worker] DEBUG org.springframework.test.context.BootstrapUtils - Instantiating TestContextBootstrapper for test class [com.ambrosia.athenea.EnrollmentsApplicationTests] from class [org.springframework.boot.test.context.SpringBootTestContextBootstrapper]
15:41:48.201 [Test worker] INFO org.springframework.boot.test.context.SpringBootTestContextBootstrapper - Neither @ContextConfiguration nor @ContextHierarchy found for test class [com.ambrosia.athenea.EnrollmentsApplicationTests], using SpringBootContextLoader
15:41:48.221 [Test worker] DEBUG org.springframework.test.context.support.AbstractContextLoader - Did not detect default resource location for test class [com.ambrosia.athenea.EnrollmentsApplicationTests]: class path resource [com/ambrosia/athenea/EnrollmentsApplicationTests-context.xml] does not exist
15:41:48.224 [Test worker] DEBUG org.springframework.test.context.support.AbstractContextLoader - Did not detect default resource location for test class [com.ambrosia.athenea.EnrollmentsApplicationTests]: class path resource [com/ambrosia/athenea/EnrollmentsApplicationTestsContext.groovy] does not exist
15:41:48.225 [Test worker] INFO org.springframework.test.context.support.AbstractContextLoader - Could not detect default resource locations for test class [com.ambrosia.athenea.EnrollmentsApplicationTests]: no resource found for suffixes {-context.xml, Context.groovy}.
15:41:48.227 [Test worker] INFO org.springframework.test.context.support.AnnotationConfigContextLoaderUtils - Could not detect default configuration classes for test class [com.ambrosia.athenea.EnrollmentsApplicationTests]: EnrollmentsApplicationTests does not declare any static, non-private, non-final, nested classes annotated with @Configuration.
15:41:48.410 [Test worker] DEBUG org.springframework.test.context.support.ActiveProfilesUtils - Could not find an 'annotation declaring class' for annotation type [org.springframework.test.context.ActiveProfiles] and class [com.ambrosia.athenea.EnrollmentsApplicationTests]
15:41:48.567 [Test worker] DEBUG org.springframework.context.annotation.ClassPathScanningCandidateComponentProvider - Identified candidate component class: file [/home/pmoros/sandbox/working/university/software-architecture/project/ambrosia-athenea/ambrosia-athenea-api/build/classes/java/main/com/ambrosia/athenea/EnrollmentsApplication.class]
15:41:48.575 [Test worker] INFO org.springframework.boot.test.context.SpringBootTestContextBootstrapper - Found @SpringBootConfiguration com.ambrosia.athenea.EnrollmentsApplication for test class com.ambrosia.athenea.EnrollmentsApplicationTests
15:41:48.797 [Test worker] DEBUG org.springframework.boot.test.context.SpringBootTestContextBootstrapper - @TestExecutionListeners is not present for class [com.ambrosia.athenea.EnrollmentsApplicationTests]: using defaults.
15:41:48.797 [Test worker] INFO org.springframework.boot.test.context.SpringBootTestContextBootstrapper - Loaded default TestExecutionListener class names from location [META-INF/spring.factories]: [org.springframework.boot.test.autoconfigure.restdocs.RestDocsTestExecutionListener, org.springframework.boot.test.autoconfigure.web.client.MockRestServiceServerResetTestExecutionListener, org.springframework.boot.test.autoconfigure.web.servlet.MockMvcPrintOnlyOnFailureTestExecutionListener, org.springframework.boot.test.autoconfigure.web.servlet.WebDriverTestExecutionListener, org.springframework.boot.test.autoconfigure.webservices.client.MockWebServiceServerTestExecutionListener, org.springframework.boot.test.mock.mockito.MockitoTestExecutionListener, org.springframework.boot.test.mock.mockito.ResetMocksTestExecutionListener, org.springframework.test.context.web.ServletTestExecutionListener, org.springframework.test.context.support.DirtiesContextBeforeModesTestExecutionListener, org.springframework.test.context.event.ApplicationEventsTestExecutionListener, org.springframework.test.context.support.DependencyInjectionTestExecutionListener, org.springframework.test.context.support.DirtiesContextTestExecutionListener, org.springframework.test.context.transaction.TransactionalTestExecutionListener, org.springframework.test.context.jdbc.SqlScriptsTestExecutionListener, org.springframework.test.context.event.EventPublishingTestExecutionListener]
15:41:48.845 [Test worker] INFO org.springframework.boot.test.context.SpringBootTestContextBootstrapper - Using TestExecutionListeners: [org.springframework.test.context.web.ServletTestExecutionListener@5bfa8cc5, org.springframework.test.context.support.DirtiesContextBeforeModesTestExecutionListener@666b83a4, org.springframework.test.context.event.ApplicationEventsTestExecutionListener@749c877b, org.springframework.boot.test.mock.mockito.MockitoTestExecutionListener@efde75f, org.springframework.boot.test.autoconfigure.SpringBootDependencyInjectionTestExecutionListener@16ecee1, org.springframework.test.context.support.DirtiesContextTestExecutionListener@3b220bcb, org.springframework.test.context.transaction.TransactionalTestExecutionListener@2b95e48b, org.springframework.test.context.jdbc.SqlScriptsTestExecutionListener@4a3329b9, org.springframework.test.context.event.EventPublishingTestExecutionListener@3dddefd8, org.springframework.boot.test.autoconfigure.restdocs.RestDocsTestExecutionListener@160ac7fb, org.springframework.boot.test.autoconfigure.web.client.MockRestServiceServerResetTestExecutionListener@12bfd80d, org.springframework.boot.test.autoconfigure.web.servlet.MockMvcPrintOnlyOnFailureTestExecutionListener@41925502, org.springframework.boot.test.autoconfigure.web.servlet.WebDriverTestExecutionListener@13e3c1c7, org.springframework.boot.test.autoconfigure.webservices.client.MockWebServiceServerTestExecutionListener@5316e95f, org.springframework.boot.test.mock.mockito.ResetMocksTestExecutionListener@3f053c80]
15:41:48.850 [Test worker] DEBUG org.springframework.test.context.support.AbstractDirtiesContextTestExecutionListener - Before test class: context [DefaultTestContext@11eadcba testClass = EnrollmentsApplicationTests, testInstance = [null], testMethod = [null], testException = [null], mergedContextConfiguration = [WebMergedContextConfiguration@4721d212 testClass = EnrollmentsApplicationTests, locations = '{}', classes = '{class com.ambrosia.athenea.EnrollmentsApplication}', contextInitializerClasses = '[]', activeProfiles = '{}', propertySourceLocations = '{}', propertySourceProperties = '{org.springframework.boot.test.context.SpringBootTestContextBootstrapper=true}', contextCustomizers = set[org.springframework.boot.test.autoconfigure.actuate.metrics.MetricsExportContextCustomizerFactory$DisableMetricExportContextCustomizer@457c9034, org.springframework.boot.test.autoconfigure.properties.PropertyMappingContextCustomizer@0, org.springframework.boot.test.autoconfigure.web.servlet.WebDriverContextCustomizerFactory$Customizer@7e5c856f, org.springframework.boot.test.context.filter.ExcludeFilterContextCustomizer@3bd323e9, org.springframework.boot.test.json.DuplicateJsonObjectContextCustomizerFactory$DuplicateJsonObjectContextCustomizer@3403e2ac, org.springframework.boot.test.mock.mockito.MockitoContextCustomizer@0, org.springframework.boot.test.web.client.TestRestTemplateContextCustomizer@56673b2c, org.springframework.boot.test.context.SpringBootTestArgs@1, org.springframework.boot.test.context.SpringBootTestWebEnvironment@1e178745], resourceBasePath = 'src/main/webapp', contextLoader = 'org.springframework.boot.test.context.SpringBootContextLoader', parent = [null]], attributes = map['org.springframework.test.context.web.ServletTestExecutionListener.activateListener' -> true]], class annotated with @DirtiesContext [false] with mode [null].

  .   ____          _            __ _ _
 /\\ / ___'_ __ _ _(_)_ __  __ _ \ \ \ \
( ( )\___ | '_ | '_| | '_ \/ _` | \ \ \ \
 \\/  ___)| |_)| | | | | || (_| |  ) ) ) )
  '  |____| .__|_| |_|_| |_\__, | / / / /
 =========|_|==============|___/=/_/_/_/
 :: Spring Boot ::                (v2.7.5)

2022-10-28 15:41:49.549  INFO 445725 --- [    Test worker] c.a.athenea.EnrollmentsApplicationTests  : Starting EnrollmentsApplicationTests using Java 17.0.4.1 on fedora with PID 445725 (started by pmoros in /home/pmoros/sandbox/working/university/software-architecture/project/ambrosia-athenea/ambrosia-athenea-api)
2022-10-28 15:41:49.557  INFO 445725 --- [    Test worker] c.a.athenea.EnrollmentsApplicationTests  : No active profile set, falling back to 1 default profile: "default"
2022-10-28 15:41:51.130  INFO 445725 --- [    Test worker] .s.d.r.c.RepositoryConfigurationDelegate : Multiple Spring Data modules found, entering strict repository configuration mode
2022-10-28 15:41:51.132  INFO 445725 --- [    Test worker] .s.d.r.c.RepositoryConfigurationDelegate : Bootstrapping Spring Data JDBC repositories in DEFAULT mode.
2022-10-28 15:41:51.194  INFO 445725 --- [    Test worker] .RepositoryConfigurationExtensionSupport : Spring Data JDBC - Could not safely identify store assignment for repository candidate interface com.ambrosia.athenea.repositories.AcademicHistoryRepository; If you want this repository to be a JDBC repository, consider annotating your entities with one of these annotations: org.springframework.data.relational.core.mapping.Table.
2022-10-28 15:41:51.196  INFO 445725 --- [    Test worker] .RepositoryConfigurationExtensionSupport : Spring Data JDBC - Could not safely identify store assignment for repository candidate interface com.ambrosia.athenea.repositories.CourseGroupRepository; If you want this repository to be a JDBC repository, consider annotating your entities with one of these annotations: org.springframework.data.relational.core.mapping.Table.
2022-10-28 15:41:51.198  INFO 445725 --- [    Test worker] .RepositoryConfigurationExtensionSupport : Spring Data JDBC - Could not safely identify store assignment for repository candidate interface com.ambrosia.athenea.repositories.ScheduleRepository; If you want this repository to be a JDBC repository, consider annotating your entities with one of these annotations: org.springframework.data.relational.core.mapping.Table.
2022-10-28 15:41:51.204  INFO 445725 --- [    Test worker] .RepositoryConfigurationExtensionSupport : Spring Data JDBC - Could not safely identify store assignment for repository candidate interface com.ambrosia.athenea.repositories.UserRepository; If you want this repository to be a JDBC repository, consider annotating your entities with one of these annotations: org.springframework.data.relational.core.mapping.Table.
2022-10-28 15:41:51.208  INFO 445725 --- [    Test worker] .s.d.r.c.RepositoryConfigurationDelegate : Finished Spring Data repository scanning in 61 ms. Found 0 JDBC repository interfaces.
2022-10-28 15:41:51.226  INFO 445725 --- [    Test worker] .s.d.r.c.RepositoryConfigurationDelegate : Multiple Spring Data modules found, entering strict repository configuration mode
2022-10-28 15:41:51.228  INFO 445725 --- [    Test worker] .s.d.r.c.RepositoryConfigurationDelegate : Bootstrapping Spring Data JPA repositories in DEFAULT mode.
2022-10-28 15:41:51.297  INFO 445725 --- [    Test worker] .s.d.r.c.RepositoryConfigurationDelegate : Finished Spring Data repository scanning in 64 ms. Found 4 JPA repository interfaces.
2022-10-28 15:41:52.609  INFO 445725 --- [    Test worker] o.hibernate.jpa.internal.util.LogHelper  : HHH000204: Processing PersistenceUnitInfo [name: default]
2022-10-28 15:41:52.764  INFO 445725 --- [    Test worker] org.hibernate.Version                    : HHH000412: Hibernate ORM core version 5.6.12.Final
2022-10-28 15:41:53.116  INFO 445725 --- [    Test worker] o.hibernate.annotations.common.Version   : HCANN000001: Hibernate Commons Annotations {5.1.2.Final}
2022-10-28 15:41:53.326  INFO 445725 --- [    Test worker] com.zaxxer.hikari.HikariDataSource       : HikariPool-1 - Starting...
2022-10-28 15:41:54.381  INFO 445725 --- [    Test worker] com.zaxxer.hikari.HikariDataSource       : HikariPool-1 - Start completed.
2022-10-28 15:41:54.447  INFO 445725 --- [    Test worker] org.hibernate.dialect.Dialect            : HHH000400: Using dialect: org.hibernate.dialect.MySQL57Dialect
2022-10-28 15:41:55.810  INFO 445725 --- [    Test worker] o.h.e.t.j.p.i.JtaPlatformInitiator       : HHH000490: Using JtaPlatform implementation: [org.hibernate.engine.transaction.jta.platform.internal.NoJtaPlatform]
2022-10-28 15:41:55.829  INFO 445725 --- [    Test worker] j.LocalContainerEntityManagerFactoryBean : Initialized JPA EntityManagerFactory for persistence unit 'default'
2022-10-28 15:41:57.761  WARN 445725 --- [    Test worker] JpaBaseConfiguration$JpaWebConfiguration : spring.jpa.open-in-view is enabled by default. Therefore, database queries may be performed during view rendering. Explicitly configure spring.jpa.open-in-view to disable this warning
2022-10-28 15:41:59.481  INFO 445725 --- [    Test worker] o.s.a.r.c.CachingConnectionFactory       : Attempting to connect to: [localhost:5672]
2022-10-28 15:41:59.609  INFO 445725 --- [    Test worker] o.s.a.r.c.CachingConnectionFactory       : Created new connection: rabbitConnectionFactory#37b5a51c:0/SimpleConnection@6f09cb98 [delegate=amqp://guest@127.0.0.1:5672/, localPort= 33266]
2022-10-28 15:41:59.626  INFO 445725 --- [    Test worker] o.s.amqp.rabbit.core.RabbitAdmin         : Auto-declaring a non-durable, auto-delete, or exclusive Queue (enrollments) durable:false, auto-delete:false, exclusive:false. It will be redeclared if the broker stops and is restarted while the connection factory is alive, but all messages will be lost.
2022-10-28 15:41:59.741  INFO 445725 --- [    Test worker] c.a.athenea.EnrollmentsApplicationTests  : Started EnrollmentsApplicationTests in 10.794 seconds (JVM running for 13.617)
]]></system-out>
  <system-err><![CDATA[]]></system-err>
</testsuite>
